(2014-04-02 15:43:20,815) INFO   [ContextLoader.initWebApplicationContext():273] - Root WebApplicationContext: initialization started
(2014-04-02 15:43:21,154) INFO   [AbstractApplicationContext.prepareRefresh():495] - Refreshing Root WebApplicationContext: startup date [Wed Apr 02 15:43:21 CST 2014]; root of context hierarchy
(2014-04-02 15:43:21,260) INFO   [XmlBeanDefinitionReader.loadBeanDefinitions():315] - Loading XML bean definitions from class path resource [applicationContext.xml]
(2014-04-02 15:43:22,256) WARN   [MapperScannerConfigurer$Scanner.doScan():383] - No MyBatis mapper was found in 'com.alfred.mapper' package. Please check your configuration.
(2014-04-02 15:43:22,304) INFO   [PropertiesLoaderSupport.loadProperties():177] - Loading properties file from URL [file:/E:/workspace2012/alfred/alfred-clound/target/classes/jdbc.properties]
(2014-04-02 15:43:22,305) INFO   [PropertiesLoaderSupport.loadProperties():177] - Loading properties file from URL [file:/E:/workspace2012/alfred/alfred-clound/target/classes/config.properties]
(2014-04-02 15:43:22,407) INFO   [DefaultListableBeanFactory.preInstantiateSingletons():557] - Pre-instantiating singletons in org.springframework.beans.factory.support.DefaultListableBeanFactory@3fa6c48: defining beans [propertyHolder,dataSource,jdbcTemplate,transactionManager,sqlSessionFactory,sqlSessionTemplate,org.mybatis.spring.mapper.MapperScannerConfigurer#0,org.springframework.context.annotation.internalConfigurationAnnotationProcessor,org.springframework.context.annotation.internalAutowiredAnnotationProcessor,org.springframework.context.annotation.internalRequiredAnnotationProcessor,org.springframework.context.annotation.internalCommonAnnotationProcessor,org.springframework.aop.config.internalAutoProxyCreator,org.springframework.transaction.annotation.AnnotationTransactionAttributeSource#0,org.springframework.transaction.interceptor.TransactionInterceptor#0,org.springframework.transaction.config.internalTransactionAdvisor,org.springframework.context.annotation.ConfigurationClassPostProcessor$ImportAwareBeanPostProcessor#0]; root of factory hierarchy
(2014-04-02 15:43:22,456) INFO   [MLog.<clinit>():80] - MLog clients using log4j logging.
(2014-04-02 15:43:22,894) INFO   [C3P0Registry.banner():204] - Initializing c3p0-0.9.1.2 [built 21-May-2007 15:04:56; debug? true; trace: 10]
(2014-04-02 15:43:23,807) INFO   [AbstractPoolBackedDataSource.getPoolManager():462] - Initializing c3p0 pool... com.mchange.v2.c3p0.ComboPooledDataSource [ acquireIncrement -> 5, acquireRetryAttempts -> 30, acquireRetryDelay -> 1000, autoCommitOnClose -> true, automaticTestTable -> null, breakAfterAcquireFailure -> false, checkoutTimeout -> 5000, connectionCustomizerClassName -> null, connectionTesterClassName -> com.mchange.v2.c3p0.impl.DefaultConnectionTester, dataSourceName -> 1hge0wi9199jpbg3vqsmh|c8925d7, debugUnreturnedConnectionStackTraces -> false, description -> null, driverClass -> com.mysql.jdbc.Driver, factoryClassLocation -> null, forceIgnoreUnresolvedTransactions -> false, identityToken -> 1hge0wi9199jpbg3vqsmh|c8925d7, idleConnectionTestPeriod -> 0, initialPoolSize -> 10, jdbcUrl -> jdbc:mysql://localhost:3306/alfred?useUnicode=true&characterEncoding=UTF-8&autoReconnect=true&failOverReadOnly=false, maxAdministrativeTaskTime -> 0, maxConnectionAge -> 0, maxIdleTime -> 7200, maxIdleTimeExcessConnections -> 1800, maxPoolSize -> 20, maxStatements -> 0, maxStatementsPerConnection -> 0, minPoolSize -> 10, numHelperThreads -> 3, numThreadsAwaitingCheckoutDefaultUser -> 0, preferredTestQuery -> null, properties -> {user=******, password=******}, propertyCycle -> 0, testConnectionOnCheckin -> false, testConnectionOnCheckout -> false, unreturnedConnectionTimeout -> 0, usesTraditionalReflectiveProxies -> false ]
(2014-04-02 15:43:28,908) INFO   [ContextLoader.initWebApplicationContext():302] - Root WebApplicationContext: initialization completed in 8089 ms
(2014-04-02 15:43:29,143) INFO   [FrameworkServlet.initServletBean():444] - FrameworkServlet 'SpringMVC': initialization started
(2014-04-02 15:43:29,147) INFO   [AbstractApplicationContext.prepareRefresh():495] - Refreshing WebApplicationContext for namespace 'SpringMVC-servlet': startup date [Wed Apr 02 15:43:29 CST 2014]; parent: Root WebApplicationContext
(2014-04-02 15:43:29,149) INFO   [XmlBeanDefinitionReader.loadBeanDefinitions():315] - Loading XML bean definitions from ServletContext resource [/WEB-INF/SpringMVC-servlet.xml]
(2014-04-02 15:43:29,229) INFO   [DefaultListableBeanFactory.preInstantiateSingletons():557] - Pre-instantiating singletons in org.springframework.beans.factory.support.DefaultListableBeanFactory@60173e6e: defining beans [org.springframework.context.annotation.internalConfigurationAnnotationProcessor,org.springframework.context.annotation.internalAutowiredAnnotationProcessor,org.springframework.context.annotation.internalRequiredAnnotationProcessor,org.springframework.context.annotation.internalCommonAnnotationProcessor,org.springframework.web.servlet.mvc.annotation.AnnotationMethodHandlerAdapter#0,mappingJacksonHttpMessageConverter,org.springframework.context.annotation.ConfigurationClassPostProcessor$ImportAwareBeanPostProcessor#0]; parent: org.springframework.beans.factory.support.DefaultListableBeanFactory@3fa6c48
(2014-04-02 15:43:30,271) INFO   [FrameworkServlet.initServletBean():463] - FrameworkServlet 'SpringMVC': initialization completed in 1127 ms
(2014-04-02 15:43:43,676) WARN   [ThreadPoolAsynchronousRunner$DeadlockDetector.run():608] - com.mchange.v2.async.ThreadPoolAsynchronousRunner$DeadlockDetector@24cce823 -- APPARENT DEADLOCK!!! Creating emergency threads for unassigned pending tasks!
(2014-04-02 15:43:43,734) WARN   [ThreadPoolAsynchronousRunner$DeadlockDetector.run():624] - com.mchange.v2.async.ThreadPoolAsynchronousRunner$DeadlockDetector@24cce823 -- APPARENT DEADLOCK!!! Complete Status: 
	Managed Threads: 3
	Active Threads: 3
	Active Tasks: 
		com.mchange.v2.resourcepool.BasicResourcePool$AcquireTask@7b48d370 (com.mchange.v2.async.ThreadPoolAsynchronousRunner$PoolThread-#2)
		com.mchange.v2.resourcepool.BasicResourcePool$AcquireTask@6a319d4b (com.mchange.v2.async.ThreadPoolAsynchronousRunner$PoolThread-#1)
		com.mchange.v2.resourcepool.BasicResourcePool$AcquireTask@5f4ddd64 (com.mchange.v2.async.ThreadPoolAsynchronousRunner$PoolThread-#0)
	Pending Tasks: 
		com.mchange.v2.resourcepool.BasicResourcePool$AcquireTask@7102011d
		com.mchange.v2.resourcepool.BasicResourcePool$AcquireTask@3a9750e1
		com.mchange.v2.resourcepool.BasicResourcePool$AcquireTask@243f01d4
		com.mchange.v2.resourcepool.BasicResourcePool$AcquireTask@249117e3
		com.mchange.v2.resourcepool.BasicResourcePool$AcquireTask@31b74ad6
		com.mchange.v2.resourcepool.BasicResourcePool$AcquireTask@78924119
		com.mchange.v2.resourcepool.BasicResourcePool$AcquireTask@49f00e26
Pool thread stack traces:
	Thread[com.mchange.v2.async.ThreadPoolAsynchronousRunner$PoolThread-#2,5,main]
		java.lang.Thread.sleep(Native Method)
		com.mchange.v2.resourcepool.BasicResourcePool$AcquireTask.run(BasicResourcePool.java:1805)
		com.mchange.v2.async.ThreadPoolAsynchronousRunner$PoolThread.run(ThreadPoolAsynchronousRunner.java:547)
	Thread[com.mchange.v2.async.ThreadPoolAsynchronousRunner$PoolThread-#1,5,main]
		java.lang.Thread.sleep(Native Method)
		com.mchange.v2.resourcepool.BasicResourcePool$AcquireTask.run(BasicResourcePool.java:1805)
		com.mchange.v2.async.ThreadPoolAsynchronousRunner$PoolThread.run(ThreadPoolAsynchronousRunner.java:547)
	Thread[com.mchange.v2.async.ThreadPoolAsynchronousRunner$PoolThread-#0,5,main]
		java.lang.Thread.sleep(Native Method)
		com.mchange.v2.resourcepool.BasicResourcePool$AcquireTask.run(BasicResourcePool.java:1805)
		com.mchange.v2.async.ThreadPoolAsynchronousRunner$PoolThread.run(ThreadPoolAsynchronousRunner.java:547)


(2014-04-02 15:44:02,619) INFO   [ContextLoader.initWebApplicationContext():273] - Root WebApplicationContext: initialization started
(2014-04-02 15:44:02,749) INFO   [AbstractApplicationContext.prepareRefresh():495] - Refreshing Root WebApplicationContext: startup date [Wed Apr 02 15:44:02 CST 2014]; root of context hierarchy
(2014-04-02 15:44:02,828) INFO   [XmlBeanDefinitionReader.loadBeanDefinitions():315] - Loading XML bean definitions from class path resource [applicationContext.xml]
(2014-04-02 15:44:03,268) WARN   [MapperScannerConfigurer$Scanner.doScan():383] - No MyBatis mapper was found in 'com.alfred.mapper' package. Please check your configuration.
(2014-04-02 15:44:03,316) INFO   [PropertiesLoaderSupport.loadProperties():177] - Loading properties file from URL [file:/E:/workspace2012/alfred/alfred-clound/target/classes/jdbc.properties]
(2014-04-02 15:44:03,317) INFO   [PropertiesLoaderSupport.loadProperties():177] - Loading properties file from URL [file:/E:/workspace2012/alfred/alfred-clound/target/classes/config.properties]
(2014-04-02 15:44:03,381) INFO   [DefaultListableBeanFactory.preInstantiateSingletons():557] - Pre-instantiating singletons in org.springframework.beans.factory.support.DefaultListableBeanFactory@7ce489c6: defining beans [propertyHolder,dataSource,jdbcTemplate,transactionManager,sqlSessionFactory,sqlSessionTemplate,org.mybatis.spring.mapper.MapperScannerConfigurer#0,org.springframework.context.annotation.internalConfigurationAnnotationProcessor,org.springframework.context.annotation.internalAutowiredAnnotationProcessor,org.springframework.context.annotation.internalRequiredAnnotationProcessor,org.springframework.context.annotation.internalCommonAnnotationProcessor,org.springframework.aop.config.internalAutoProxyCreator,org.springframework.transaction.annotation.AnnotationTransactionAttributeSource#0,org.springframework.transaction.interceptor.TransactionInterceptor#0,org.springframework.transaction.config.internalTransactionAdvisor,org.springframework.context.annotation.ConfigurationClassPostProcessor$ImportAwareBeanPostProcessor#0]; root of factory hierarchy
(2014-04-02 15:44:03,413) INFO   [MLog.<clinit>():80] - MLog clients using log4j logging.
(2014-04-02 15:44:03,607) INFO   [C3P0Registry.banner():204] - Initializing c3p0-0.9.1.2 [built 21-May-2007 15:04:56; debug? true; trace: 10]
(2014-04-02 15:44:04,477) INFO   [AbstractPoolBackedDataSource.getPoolManager():462] - Initializing c3p0 pool... com.mchange.v2.c3p0.ComboPooledDataSource [ acquireIncrement -> 5, acquireRetryAttempts -> 30, acquireRetryDelay -> 1000, autoCommitOnClose -> true, automaticTestTable -> null, breakAfterAcquireFailure -> false, checkoutTimeout -> 5000, connectionCustomizerClassName -> null, connectionTesterClassName -> com.mchange.v2.c3p0.impl.DefaultConnectionTester, dataSourceName -> 1hge0wi9199kkux19xsmd4|7ecdc728, debugUnreturnedConnectionStackTraces -> false, description -> null, driverClass -> com.mysql.jdbc.Driver, factoryClassLocation -> null, forceIgnoreUnresolvedTransactions -> false, identityToken -> 1hge0wi9199kkux19xsmd4|7ecdc728, idleConnectionTestPeriod -> 0, initialPoolSize -> 10, jdbcUrl -> jdbc:mysql://localhost:3306/alfred1.0.18?useUnicode=true&characterEncoding=UTF-8&autoReconnect=true&failOverReadOnly=false, maxAdministrativeTaskTime -> 0, maxConnectionAge -> 0, maxIdleTime -> 7200, maxIdleTimeExcessConnections -> 1800, maxPoolSize -> 20, maxStatements -> 0, maxStatementsPerConnection -> 0, minPoolSize -> 10, numHelperThreads -> 3, numThreadsAwaitingCheckoutDefaultUser -> 0, preferredTestQuery -> null, properties -> {user=******, password=******}, propertyCycle -> 0, testConnectionOnCheckin -> false, testConnectionOnCheckout -> false, unreturnedConnectionTimeout -> 0, usesTraditionalReflectiveProxies -> false ]
(2014-04-02 15:44:04,919) INFO   [ContextLoader.initWebApplicationContext():302] - Root WebApplicationContext: initialization completed in 2295 ms
(2014-04-02 15:44:05,035) INFO   [FrameworkServlet.initServletBean():444] - FrameworkServlet 'SpringMVC': initialization started
(2014-04-02 15:44:05,042) INFO   [AbstractApplicationContext.prepareRefresh():495] - Refreshing WebApplicationContext for namespace 'SpringMVC-servlet': startup date [Wed Apr 02 15:44:05 CST 2014]; parent: Root WebApplicationContext
(2014-04-02 15:44:05,047) INFO   [XmlBeanDefinitionReader.loadBeanDefinitions():315] - Loading XML bean definitions from ServletContext resource [/WEB-INF/SpringMVC-servlet.xml]
(2014-04-02 15:44:05,120) INFO   [DefaultListableBeanFactory.preInstantiateSingletons():557] - Pre-instantiating singletons in org.springframework.beans.factory.support.DefaultListableBeanFactory@19a41610: defining beans [org.springframework.context.annotation.internalConfigurationAnnotationProcessor,org.springframework.context.annotation.internalAutowiredAnnotationProcessor,org.springframework.context.annotation.internalRequiredAnnotationProcessor,org.springframework.context.annotation.internalCommonAnnotationProcessor,org.springframework.web.servlet.mvc.annotation.AnnotationMethodHandlerAdapter#0,mappingJacksonHttpMessageConverter,org.springframework.context.annotation.ConfigurationClassPostProcessor$ImportAwareBeanPostProcessor#0]; parent: org.springframework.beans.factory.support.DefaultListableBeanFactory@7ce489c6
(2014-04-02 15:44:05,660) INFO   [FrameworkServlet.initServletBean():463] - FrameworkServlet 'SpringMVC': initialization completed in 624 ms
(2014-04-02 15:44:46,765) WARN   [DispatcherServlet.noHandlerFound():1080] - No mapping found for HTTP request with URI [/alfred-clound/] in DispatcherServlet with name 'SpringMVC'
(2014-04-02 15:45:09,834) WARN   [DispatcherServlet.noHandlerFound():1080] - No mapping found for HTTP request with URI [/alfred-clound/] in DispatcherServlet with name 'SpringMVC'
(2014-04-02 16:37:54,105) INFO   [ContextLoader.initWebApplicationContext():273] - Root WebApplicationContext: initialization started
(2014-04-02 16:37:54,252) INFO   [AbstractApplicationContext.prepareRefresh():495] - Refreshing Root WebApplicationContext: startup date [Wed Apr 02 16:37:54 CST 2014]; root of context hierarchy
(2014-04-02 16:37:54,332) INFO   [XmlBeanDefinitionReader.loadBeanDefinitions():315] - Loading XML bean definitions from class path resource [applicationContext.xml]
(2014-04-02 16:37:54,868) WARN   [MapperScannerConfigurer$Scanner.doScan():383] - No MyBatis mapper was found in 'com.alfred.mapper' package. Please check your configuration.
(2014-04-02 16:37:54,925) INFO   [PropertiesLoaderSupport.loadProperties():177] - Loading properties file from URL [file:/E:/workspace2012/alfred/alfred-clound/target/classes/jdbc.properties]
(2014-04-02 16:37:54,927) INFO   [PropertiesLoaderSupport.loadProperties():177] - Loading properties file from URL [file:/E:/workspace2012/alfred/alfred-clound/target/classes/config.properties]
(2014-04-02 16:37:55,003) INFO   [DefaultListableBeanFactory.preInstantiateSingletons():557] - Pre-instantiating singletons in org.springframework.beans.factory.support.DefaultListableBeanFactory@764e2837: defining beans [propertyHolder,dataSource,jdbcTemplate,transactionManager,sqlSessionFactory,sqlSessionTemplate,org.mybatis.spring.mapper.MapperScannerConfigurer#0,org.springframework.context.annotation.internalConfigurationAnnotationProcessor,org.springframework.context.annotation.internalAutowiredAnnotationProcessor,org.springframework.context.annotation.internalRequiredAnnotationProcessor,org.springframework.context.annotation.internalCommonAnnotationProcessor,org.springframework.aop.config.internalAutoProxyCreator,org.springframework.transaction.annotation.AnnotationTransactionAttributeSource#0,org.springframework.transaction.interceptor.TransactionInterceptor#0,org.springframework.transaction.config.internalTransactionAdvisor,org.springframework.context.annotation.ConfigurationClassPostProcessor$ImportAwareBeanPostProcessor#0]; root of factory hierarchy
(2014-04-02 16:37:55,031) INFO   [MLog.<clinit>():80] - MLog clients using log4j logging.
(2014-04-02 16:37:55,252) INFO   [C3P0Registry.banner():204] - Initializing c3p0-0.9.1.2 [built 21-May-2007 15:04:56; debug? true; trace: 10]
(2014-04-02 16:37:56,051) INFO   [AbstractPoolBackedDataSource.getPoolManager():462] - Initializing c3p0 pool... com.mchange.v2.c3p0.ComboPooledDataSource [ acquireIncrement -> 5, acquireRetryAttempts -> 30, acquireRetryDelay -> 1000, autoCommitOnClose -> true, automaticTestTable -> null, breakAfterAcquireFailure -> false, checkoutTimeout -> 5000, connectionCustomizerClassName -> null, connectionTesterClassName -> com.mchange.v2.c3p0.impl.DefaultConnectionTester, dataSourceName -> 1hge0wi919bhuey1svrb1d|7ecdc728, debugUnreturnedConnectionStackTraces -> false, description -> null, driverClass -> com.mysql.jdbc.Driver, factoryClassLocation -> null, forceIgnoreUnresolvedTransactions -> false, identityToken -> 1hge0wi919bhuey1svrb1d|7ecdc728, idleConnectionTestPeriod -> 0, initialPoolSize -> 10, jdbcUrl -> jdbc:mysql://localhost:3306/alfred1.0.18?useUnicode=true&characterEncoding=UTF-8&autoReconnect=true&failOverReadOnly=false, maxAdministrativeTaskTime -> 0, maxConnectionAge -> 0, maxIdleTime -> 7200, maxIdleTimeExcessConnections -> 1800, maxPoolSize -> 20, maxStatements -> 0, maxStatementsPerConnection -> 0, minPoolSize -> 10, numHelperThreads -> 3, numThreadsAwaitingCheckoutDefaultUser -> 0, preferredTestQuery -> null, properties -> {user=******, password=******}, propertyCycle -> 0, testConnectionOnCheckin -> false, testConnectionOnCheckout -> false, unreturnedConnectionTimeout -> 0, usesTraditionalReflectiveProxies -> false ]
(2014-04-02 16:37:56,445) INFO   [ContextLoader.initWebApplicationContext():302] - Root WebApplicationContext: initialization completed in 2336 ms
(2014-04-02 16:37:56,549) INFO   [FrameworkServlet.initServletBean():444] - FrameworkServlet 'SpringMVC': initialization started
(2014-04-02 16:37:56,553) INFO   [AbstractApplicationContext.prepareRefresh():495] - Refreshing WebApplicationContext for namespace 'SpringMVC-servlet': startup date [Wed Apr 02 16:37:56 CST 2014]; parent: Root WebApplicationContext
(2014-04-02 16:37:56,557) INFO   [XmlBeanDefinitionReader.loadBeanDefinitions():315] - Loading XML bean definitions from ServletContext resource [/WEB-INF/SpringMVC-servlet.xml]
(2014-04-02 16:37:56,630) INFO   [DefaultListableBeanFactory.preInstantiateSingletons():557] - Pre-instantiating singletons in org.springframework.beans.factory.support.DefaultListableBeanFactory@cf820d8: defining beans [org.springframework.context.annotation.internalConfigurationAnnotationProcessor,org.springframework.context.annotation.internalAutowiredAnnotationProcessor,org.springframework.context.annotation.internalRequiredAnnotationProcessor,org.springframework.context.annotation.internalCommonAnnotationProcessor,org.springframework.web.servlet.mvc.annotation.AnnotationMethodHandlerAdapter#0,mappingJacksonHttpMessageConverter,org.springframework.context.annotation.ConfigurationClassPostProcessor$ImportAwareBeanPostProcessor#0]; parent: org.springframework.beans.factory.support.DefaultListableBeanFactory@764e2837
(2014-04-02 16:37:57,179) INFO   [FrameworkServlet.initServletBean():463] - FrameworkServlet 'SpringMVC': initialization completed in 629 ms
(2014-04-03 14:10:09,615) INFO   [ContextLoader.initWebApplicationContext():273] - Root WebApplicationContext: initialization started
(2014-04-03 14:10:10,097) INFO   [AbstractApplicationContext.prepareRefresh():495] - Refreshing Root WebApplicationContext: startup date [Thu Apr 03 14:10:10 CST 2014]; root of context hierarchy
(2014-04-03 14:10:10,235) INFO   [XmlBeanDefinitionReader.loadBeanDefinitions():315] - Loading XML bean definitions from class path resource [applicationContext.xml]
(2014-04-03 14:10:11,807) WARN   [MapperScannerConfigurer$Scanner.doScan():383] - No MyBatis mapper was found in 'com.alfred.mapper' package. Please check your configuration.
(2014-04-03 14:10:11,985) INFO   [PropertiesLoaderSupport.loadProperties():177] - Loading properties file from URL [file:/E:/workspace2012/alfred/alfred-clound/target/classes/jdbc.properties]
(2014-04-03 14:10:11,988) INFO   [PropertiesLoaderSupport.loadProperties():177] - Loading properties file from URL [file:/E:/workspace2012/alfred/alfred-clound/target/classes/config.properties]
(2014-04-03 14:10:12,119) INFO   [DefaultListableBeanFactory.preInstantiateSingletons():557] - Pre-instantiating singletons in org.springframework.beans.factory.support.DefaultListableBeanFactory@323a17f3: defining beans [propertyHolder,dataSource,jdbcTemplate,transactionManager,sqlSessionFactory,sqlSessionTemplate,org.mybatis.spring.mapper.MapperScannerConfigurer#0,org.springframework.context.annotation.internalConfigurationAnnotationProcessor,org.springframework.context.annotation.internalAutowiredAnnotationProcessor,org.springframework.context.annotation.internalRequiredAnnotationProcessor,org.springframework.context.annotation.internalCommonAnnotationProcessor,org.springframework.aop.config.internalAutoProxyCreator,org.springframework.transaction.annotation.AnnotationTransactionAttributeSource#0,org.springframework.transaction.interceptor.TransactionInterceptor#0,org.springframework.transaction.config.internalTransactionAdvisor,org.springframework.context.annotation.ConfigurationClassPostProcessor$ImportAwareBeanPostProcessor#0]; root of factory hierarchy
(2014-04-03 14:10:12,208) INFO   [MLog.<clinit>():80] - MLog clients using log4j logging.
(2014-04-03 14:10:12,735) INFO   [C3P0Registry.banner():204] - Initializing c3p0-0.9.1.2 [built 21-May-2007 15:04:56; debug? true; trace: 10]
(2014-04-03 14:10:13,556) INFO   [AbstractPoolBackedDataSource.getPoolManager():462] - Initializing c3p0 pool... com.mchange.v2.c3p0.ComboPooledDataSource [ acquireIncrement -> 5, acquireRetryAttempts -> 30, acquireRetryDelay -> 1000, autoCommitOnClose -> true, automaticTestTable -> null, breakAfterAcquireFailure -> false, checkoutTimeout -> 5000, connectionCustomizerClassName -> null, connectionTesterClassName -> com.mchange.v2.c3p0.impl.DefaultConnectionTester, dataSourceName -> 1hge0wi91alnqgd1xux1t8|af57ffa, debugUnreturnedConnectionStackTraces -> false, description -> null, driverClass -> com.mysql.jdbc.Driver, factoryClassLocation -> null, forceIgnoreUnresolvedTransactions -> false, identityToken -> 1hge0wi91alnqgd1xux1t8|af57ffa, idleConnectionTestPeriod -> 0, initialPoolSize -> 10, jdbcUrl -> jdbc:mysql://localhost:3306/alfred1.0.18?useUnicode=true&characterEncoding=UTF-8&autoReconnect=true&failOverReadOnly=false, maxAdministrativeTaskTime -> 0, maxConnectionAge -> 0, maxIdleTime -> 7200, maxIdleTimeExcessConnections -> 1800, maxPoolSize -> 20, maxStatements -> 0, maxStatementsPerConnection -> 0, minPoolSize -> 10, numHelperThreads -> 3, numThreadsAwaitingCheckoutDefaultUser -> 0, preferredTestQuery -> null, properties -> {user=******, password=******}, propertyCycle -> 0, testConnectionOnCheckin -> false, testConnectionOnCheckout -> false, unreturnedConnectionTimeout -> 0, usesTraditionalReflectiveProxies -> false ]
(2014-04-03 14:10:16,848) INFO   [ContextLoader.initWebApplicationContext():302] - Root WebApplicationContext: initialization completed in 7215 ms
(2014-04-03 14:10:17,111) INFO   [FrameworkServlet.initServletBean():444] - FrameworkServlet 'SpringMVC': initialization started
(2014-04-03 14:10:17,118) INFO   [AbstractApplicationContext.prepareRefresh():495] - Refreshing WebApplicationContext for namespace 'SpringMVC-servlet': startup date [Thu Apr 03 14:10:17 CST 2014]; parent: Root WebApplicationContext
(2014-04-03 14:10:17,123) INFO   [XmlBeanDefinitionReader.loadBeanDefinitions():315] - Loading XML bean definitions from ServletContext resource [/WEB-INF/SpringMVC-servlet.xml]
(2014-04-03 14:10:17,746) INFO   [DefaultListableBeanFactory.preInstantiateSingletons():557] - Pre-instantiating singletons in org.springframework.beans.factory.support.DefaultListableBeanFactory@50136664: defining beans [org.springframework.context.annotation.internalConfigurationAnnotationProcessor,org.springframework.context.annotation.internalAutowiredAnnotationProcessor,org.springframework.context.annotation.internalRequiredAnnotationProcessor,org.springframework.context.annotation.internalCommonAnnotationProcessor,org.springframework.web.servlet.mvc.annotation.AnnotationMethodHandlerAdapter#0,mappingJacksonHttpMessageConverter,org.springframework.context.annotation.ConfigurationClassPostProcessor$ImportAwareBeanPostProcessor#0]; parent: org.springframework.beans.factory.support.DefaultListableBeanFactory@323a17f3
(2014-04-03 14:10:18,674) INFO   [FrameworkServlet.initServletBean():463] - FrameworkServlet 'SpringMVC': initialization completed in 1561 ms
